<?xml version="1.0" encoding="UTF-8"?>
<!-- Generated by org.testng.reporters.JUnitReportReporter -->
<testsuite name="testScripts.TestDemo" tests="1" time="10.710" ignored="0" failures="0" timestamp="29 Mar 2022 08:29:55 GMT" skipped="0" hostname="W1861060" errors="0">
  <testcase name="validateText" time="10.710" classname="testScripts.TestDemo"/>
</testsuite> <!-- testScripts.TestDemo -->
